This is pdfTeX, Version 3.14159265-2.6-1.40.16 (TeX Live 2015/Debian) (preloaded format=pdflatex 2018.5.24)  29 MAY 2018 16:42
entering extended mode
 restricted \write18 enabled.
 %&-line parsing enabled.
**infthesis-template
(./infthesis-template.tex
LaTeX2e <2016/02/01>
Babel <3.9q> and hyphenation patterns for 3 language(s) loaded.
(/home/pjm/texmf/tex/latex/infthesis.cls
Document Class: infthesis 2015/12/19 v3.8 School of Informatics Thesis Class
(/usr/share/texlive/texmf-dist/tex/latex/geometry/geometry.sty
Package: geometry 2010/09/12 v5.6 Page Geometry

(/usr/share/texlive/texmf-dist/tex/latex/graphics/keyval.sty
Package: keyval 2014/10/28 v1.15 key=value parser (DPC)
\KV@toks@=\toks14
)
(/usr/share/texlive/texmf-dist/tex/generic/oberdiek/ifpdf.sty
Package: ifpdf 2011/01/30 v2.3 Provides the ifpdf switch (HO)
Package ifpdf Info: pdfTeX in PDF mode is detected.
)
(/usr/share/texlive/texmf-dist/tex/generic/oberdiek/ifvtex.sty
Package: ifvtex 2010/03/01 v1.5 Detect VTeX and its facilities (HO)
Package ifvtex Info: VTeX not detected.
)
(/usr/share/texlive/texmf-dist/tex/generic/ifxetex/ifxetex.sty
Package: ifxetex 2010/09/12 v0.6 Provides ifxetex conditional
)
\Gm@cnth=\count79
\Gm@cntv=\count80
\c@Gm@tempcnt=\count81
\Gm@bindingoffset=\dimen102
\Gm@wd@mp=\dimen103
\Gm@odd@mp=\dimen104
\Gm@even@mp=\dimen105
\Gm@layoutwidth=\dimen106
\Gm@layoutheight=\dimen107
\Gm@layouthoffset=\dimen108
\Gm@layoutvoffset=\dimen109
\Gm@dimlist=\toks15
)
(/usr/share/texlive/texmf-dist/tex/latex/base/ifthen.sty
Package: ifthen 2014/09/29 v1.1c Standard LaTeX ifthen package (DPC)
)
(/usr/share/texlive/texmf-dist/tex/latex/graphics/graphics.sty
Package: graphics 2016/01/03 v1.0q Standard LaTeX Graphics (DPC,SPQR)

(/usr/share/texlive/texmf-dist/tex/latex/graphics/trig.sty
Package: trig 2016/01/03 v1.10 sin cos tan (DPC)
)
(/usr/share/texlive/texmf-dist/tex/latex/latexconfig/graphics.cfg
File: graphics.cfg 2010/04/23 v1.9 graphics configuration of TeX Live
)
Package graphics Info: Driver file: pdftex.def on input line 95.

(/usr/share/texlive/texmf-dist/tex/latex/pdftex-def/pdftex.def
File: pdftex.def 2011/05/27 v0.06d Graphics/color for pdfTeX

(/usr/share/texlive/texmf-dist/tex/generic/oberdiek/infwarerr.sty
Package: infwarerr 2010/04/08 v1.3 Providing info/warning/error messages (HO)
)
(/usr/share/texlive/texmf-dist/tex/generic/oberdiek/ltxcmds.sty
Package: ltxcmds 2011/11/09 v1.22 LaTeX kernel commands for general use (HO)
)
\Gread@gobject=\count82
))
(/usr/share/texlive/texmf-dist/tex/latex/tools/xspace.sty
Package: xspace 2014/10/28 v1.13 Space after command names (DPC,MH)
)
(/home/pjm/texmf/tex/latex/eushield.sty
Package: eushield 2006/08/28\ v1.1\ Commands for including the EU shield graphi
c
)
(/usr/share/texlive/texmf-dist/tex/latex/base/report.cls
Document Class: report 2014/09/29 v1.4h Standard LaTeX document class
(/usr/share/texlive/texmf-dist/tex/latex/base/size12.clo
File: size12.clo 2014/09/29 v1.4h Standard LaTeX file (size option)
)
\c@part=\count83
\c@chapter=\count84
\c@section=\count85
\c@subsection=\count86
\c@subsubsection=\count87
\c@paragraph=\count88
\c@subparagraph=\count89
\c@figure=\count90
\c@table=\count91
\abovecaptionskip=\skip41
\belowcaptionskip=\skip42
\bibindent=\dimen110
)
(/usr/share/texlive/texmf-dist/tex/latex/pslatex/pslatex.sty
Package: pslatex 1996/07/24 v1.2 pslatex emulation (DPC)
LaTeX Font Info:    Redeclaring symbol font `operators' on input line 65.
LaTeX Font Info:    Overwriting symbol font `operators' in version `normal'
(Font)                  OT1/cmr/m/n --> OT1/ptmcm/m/n on input line 65.
LaTeX Font Info:    Overwriting symbol font `operators' in version `bold'
(Font)                  OT1/cmr/bx/n --> OT1/ptmcm/m/n on input line 65.
LaTeX Font Info:    Redeclaring symbol font `letters' on input line 66.
LaTeX Font Info:    Overwriting symbol font `letters' in version `normal'
(Font)                  OML/cmm/m/it --> OML/ptmcm/m/it on input line 66.
LaTeX Font Info:    Overwriting symbol font `letters' in version `bold'
(Font)                  OML/cmm/b/it --> OML/ptmcm/m/it on input line 66.
LaTeX Font Info:    Redeclaring symbol font `symbols' on input line 67.
LaTeX Font Info:    Overwriting symbol font `symbols' in version `normal'
(Font)                  OMS/cmsy/m/n --> OMS/pzccm/m/n on input line 67.
LaTeX Font Info:    Overwriting symbol font `symbols' in version `bold'
(Font)                  OMS/cmsy/b/n --> OMS/pzccm/m/n on input line 67.
LaTeX Font Info:    Redeclaring symbol font `largesymbols' on input line 68.
LaTeX Font Info:    Overwriting symbol font `largesymbols' in version `normal'
(Font)                  OMX/cmex/m/n --> OMX/psycm/m/n on input line 68.
LaTeX Font Info:    Overwriting symbol font `largesymbols' in version `bold'
(Font)                  OMX/cmex/m/n --> OMX/psycm/m/n on input line 68.
\symbold=\mathgroup4
\symitalic=\mathgroup5
LaTeX Font Info:    Redeclaring math alphabet \mathbf on input line 74.
LaTeX Font Info:    Overwriting math alphabet `\mathbf' in version `normal'
(Font)                  OT1/cmr/bx/n --> OT1/ptm/bx/n on input line 74.
LaTeX Font Info:    Overwriting math alphabet `\mathbf' in version `bold'
(Font)                  OT1/cmr/bx/n --> OT1/ptm/bx/n on input line 74.
LaTeX Font Info:    Redeclaring math alphabet \mathit on input line 75.
LaTeX Font Info:    Overwriting math alphabet `\mathit' in version `normal'
(Font)                  OT1/cmr/m/it --> OT1/ptm/m/it on input line 75.
LaTeX Font Info:    Overwriting math alphabet `\mathit' in version `bold'
(Font)                  OT1/cmr/bx/it --> OT1/ptm/m/it on input line 75.
)
(/usr/share/texlive/texmf-dist/tex/latex/sectsty/sectsty.sty
Package: sectsty 2002/02/25 v2.0.2 Commands to change all sectional heading sty
les
)
(/usr/share/texlive/texmf-dist/tex/latex/caption/caption.sty
Package: caption 2016/02/21 v3.3-144 Customizing captions (AR)

(/usr/share/texlive/texmf-dist/tex/latex/caption/caption3.sty
Package: caption3 2016/02/04 v1.7-139 caption3 kernel (AR)
Package caption3 Info: TeX engine: e-TeX on input line 67.
\captionmargin=\dimen111
\captionmargin@=\dimen112
\captionwidth=\dimen113
\caption@tempdima=\dimen114
\caption@indent=\dimen115
\caption@parindent=\dimen116
\caption@hangindent=\dimen117
)
\c@ContinuedFloat=\count92
))
(/usr/share/texlive/texmf-dist/tex/latex/url/url.sty
\Urlmuskip=\muskip10
Package: url 2013/09/16  ver 3.4  Verb mode for urls, etc.
)
(/usr/share/texlive/texmf-dist/tex/latex/amsmath/amsmath.sty
Package: amsmath 2016/03/03 v2.15a AMS math features
\@mathmargin=\skip43

For additional information on amsmath, use the `?' option.
(/usr/share/texlive/texmf-dist/tex/latex/amsmath/amstext.sty
Package: amstext 2000/06/29 v2.01 AMS text

(/usr/share/texlive/texmf-dist/tex/latex/amsmath/amsgen.sty
File: amsgen.sty 1999/11/30 v2.0 generic functions
\@emptytoks=\toks16
\ex@=\dimen118
))
(/usr/share/texlive/texmf-dist/tex/latex/amsmath/amsbsy.sty
Package: amsbsy 1999/11/29 v1.2d Bold Symbols
\pmbraise@=\dimen119
)
(/usr/share/texlive/texmf-dist/tex/latex/amsmath/amsopn.sty
Package: amsopn 1999/12/14 v2.01 operator names
)
\inf@bad=\count93
LaTeX Info: Redefining \frac on input line 199.
\uproot@=\count94
\leftroot@=\count95
LaTeX Info: Redefining \overline on input line 297.
\classnum@=\count96
\DOTSCASE@=\count97
LaTeX Info: Redefining \ldots on input line 394.
LaTeX Info: Redefining \dots on input line 397.
LaTeX Info: Redefining \cdots on input line 518.
\Mathstrutbox@=\box26
\strutbox@=\box27
\big@size=\dimen120
LaTeX Font Info:    Redeclaring font encoding OML on input line 630.
LaTeX Font Info:    Redeclaring font encoding OMS on input line 631.
\macc@depth=\count98
\c@MaxMatrixCols=\count99
\dotsspace@=\muskip11
\c@parentequation=\count100
\dspbrk@lvl=\count101
\tag@help=\toks17
\row@=\count102
\column@=\count103
\maxfields@=\count104
\andhelp@=\toks18
\eqnshift@=\dimen121
\alignsep@=\dimen122
\tagshift@=\dimen123
\tagwidth@=\dimen124
\totwidth@=\dimen125
\lineht@=\dimen126
\@envbody=\toks19
\multlinegap=\skip44
\multlinetaggap=\skip45
\mathdisplay@stack=\toks20
LaTeX Info: Redefining \[ on input line 2735.
LaTeX Info: Redefining \] on input line 2736.
)
(/usr/share/texlive/texmf-dist/tex/latex/graphics/graphicx.sty
Package: graphicx 2014/10/28 v1.0g Enhanced LaTeX Graphics (DPC,SPQR)
\Gin@req@height=\dimen127
\Gin@req@width=\dimen128
)
(/usr/share/texlive/texmf-dist/tex/latex/subfig/subfig.sty
Package: subfig 2005/06/28 ver: 1.3 subfig package
\c@KVtest=\count105
\sf@farskip=\skip46
\sf@captopadj=\dimen129
\sf@capskip=\skip47
\sf@nearskip=\skip48
\c@subfigure=\count106
\c@subfigure@save=\count107
\c@lofdepth=\count108
\c@subtable=\count109
\c@subtable@save=\count110
\c@lotdepth=\count111
\sf@top=\skip49
\sf@bottom=\skip50
)
(/usr/share/texlive/texmf-dist/tex/latex/tools/multicol.sty
Package: multicol 2015/08/19 v1.8n multicolumn formatting (FMi)
\c@tracingmulticols=\count112
\mult@box=\box28
\multicol@leftmargin=\dimen130
\c@unbalance=\count113
\c@collectmore=\count114
\doublecol@number=\count115
\multicoltolerance=\count116
\multicolpretolerance=\count117
\full@width=\dimen131
\page@free=\dimen132
\premulticols=\dimen133
\postmulticols=\dimen134
\multicolsep=\skip51
\multicolbaselineskip=\skip52
\partial@page=\box29
\last@line=\box30
\maxbalancingoverflow=\dimen135
\mult@rightbox=\box31
\mult@grightbox=\box32
\mult@gfirstbox=\box33
\mult@firstbox=\box34
\@tempa=\box35
\@tempa=\box36
\@tempa=\box37
\@tempa=\box38
\@tempa=\box39
\@tempa=\box40
\@tempa=\box41
\@tempa=\box42
\@tempa=\box43
\@tempa=\box44
\@tempa=\box45
\@tempa=\box46
\@tempa=\box47
\@tempa=\box48
\@tempa=\box49
\@tempa=\box50
\@tempa=\box51
\c@columnbadness=\count118
\c@finalcolumnbadness=\count119
\last@try=\dimen136
\multicolovershoot=\dimen137
\multicolundershoot=\dimen138
\mult@nat@firstbox=\box52
\colbreak@box=\box53
\mc@col@check@num=\count120
)
(/usr/share/texlive/texmf-dist/tex/latex/lipsum/lipsum.sty
Package: lipsum 2014/07/27 v1.3 150 paragraphs of Lorem Ipsum dummy text
\c@lips@count=\count121
)
(/usr/share/texlive/texmf-dist/tex/latex/siunitx/siunitx.sty
(/usr/share/texlive/texmf-dist/tex/latex/l3kernel/expl3.sty
Package: expl3 2016/01/19 v6377 L3 programming layer (loader) 

(/usr/share/texlive/texmf-dist/tex/latex/l3kernel/expl3-code.tex
Package: expl3 2016/01/19 v6377 L3 programming layer (code)
L3 Module: l3bootstrap 2016/01/01 v6339 L3 Bootstrap code
L3 Module: l3names 2015/12/21 v6328 L3 Namespace for primitives
L3 Module: l3basics 2015/11/22 v6315 L3 Basic definitions
L3 Module: l3expan 2015/09/10 v5983 L3 Argument expansion
L3 Module: l3tl 2015/09/29 v6121 L3 Token lists
L3 Module: l3str 2016/01/03 v6357 L3 Strings
L3 Module: l3seq 2015/08/05 v5777 L3 Sequences and stacks
L3 Module: l3int 2016/01/05 v6366 L3 Integers
\c_max_int=\count122
\l_tmpa_int=\count123
\l_tmpb_int=\count124
\g_tmpa_int=\count125
\g_tmpb_int=\count126
L3 Module: l3quark 2015/08/17 v5855 L3 Quarks
L3 Module: l3prg 2015/11/01 v6216 L3 Control structures
\g__prg_map_int=\count127
L3 Module: l3clist 2015/09/02 v5901 L3 Comma separated lists
L3 Module: l3token 2015/11/11 v6249 L3 Experimental token manipulation
L3 Module: l3prop 2016/01/05 v6366 L3 Property lists
L3 Module: l3msg 2015/09/28 v6113 L3 Messages
L3 Module: l3file 2015/12/03 v6317 L3 File and I/O operations
\l_iow_line_count_int=\count128
\l__iow_target_count_int=\count129
\l__iow_current_line_int=\count130
\l__iow_current_word_int=\count131
\l__iow_current_indentation_int=\count132
L3 Module: l3skip 2016/01/05 v6366 L3 Dimensions and skips
\c_zero_dim=\dimen139
\c_max_dim=\dimen140
\l_tmpa_dim=\dimen141
\l_tmpb_dim=\dimen142
\g_tmpa_dim=\dimen143
\g_tmpb_dim=\dimen144
\c_zero_skip=\skip53
\c_max_skip=\skip54
\l_tmpa_skip=\skip55
\l_tmpb_skip=\skip56
\g_tmpa_skip=\skip57
\g_tmpb_skip=\skip58
\c_zero_muskip=\muskip12
\c_max_muskip=\muskip13
\l_tmpa_muskip=\muskip14
\l_tmpb_muskip=\muskip15
\g_tmpa_muskip=\muskip16
\g_tmpb_muskip=\muskip17
L3 Module: l3keys 2015/11/17 v6284 L3 Key-value interfaces
\g__keyval_level_int=\count133
\l_keys_choice_int=\count134
L3 Module: l3fp 2015/08/25 v5890 L3 Floating points
\c__fp_leading_shift_int=\count135
\c__fp_middle_shift_int=\count136
\c__fp_trailing_shift_int=\count137
\c__fp_big_leading_shift_int=\count138
\c__fp_big_middle_shift_int=\count139
\c__fp_big_trailing_shift_int=\count140
\c__fp_Bigg_leading_shift_int=\count141
\c__fp_Bigg_middle_shift_int=\count142
\c__fp_Bigg_trailing_shift_int=\count143
L3 Module: l3box 2015/08/09 v5822 L3 Experimental boxes
\c_empty_box=\box54
\l_tmpa_box=\box55
\l_tmpb_box=\box56
\g_tmpa_box=\box57
\g_tmpb_box=\box58
L3 Module: l3coffins 2015/08/06 v5789 L3 Coffin code layer
\l__coffin_internal_box=\box59
\l__coffin_internal_dim=\dimen145
\l__coffin_offset_x_dim=\dimen146
\l__coffin_offset_y_dim=\dimen147
\l__coffin_x_dim=\dimen148
\l__coffin_y_dim=\dimen149
\l__coffin_x_prime_dim=\dimen150
\l__coffin_y_prime_dim=\dimen151
\c_empty_coffin=\box60
\l__coffin_aligned_coffin=\box61
\l__coffin_aligned_internal_coffin=\box62
\l_tmpa_coffin=\box63
\l_tmpb_coffin=\box64
\l__coffin_display_coffin=\box65
\l__coffin_display_coord_coffin=\box66
\l__coffin_display_pole_coffin=\box67
\l__coffin_display_offset_dim=\dimen152
\l__coffin_display_x_dim=\dimen153
\l__coffin_display_y_dim=\dimen154
L3 Module: l3color 2014/08/23 v5354 L3 Experimental color support
L3 Module: l3sys 2015/09/25 v6087 L3 Experimental system/runtime functions
L3 Module: l3candidates 2016/01/14 v6376 L3 Experimental additions to l3kernel
\l__box_top_dim=\dimen155
\l__box_bottom_dim=\dimen156
\l__box_left_dim=\dimen157
\l__box_right_dim=\dimen158
\l__box_top_new_dim=\dimen159
\l__box_bottom_new_dim=\dimen160
\l__box_left_new_dim=\dimen161
\l__box_right_new_dim=\dimen162
\l__box_internal_box=\box68
\l__coffin_bounding_shift_dim=\dimen163
\l__coffin_left_corner_dim=\dimen164
\l__coffin_right_corner_dim=\dimen165
\l__coffin_bottom_corner_dim=\dimen166
\l__coffin_top_corner_dim=\dimen167
\l__coffin_scaled_total_height_dim=\dimen168
\l__coffin_scaled_width_dim=\dimen169
L3 Module: l3luatex 2015/11/11 v6250 L3 Experimental LuaTeX-specific functions
)
(/usr/share/texlive/texmf-dist/tex/latex/l3kernel/l3pdfmode.def
File: l3pdfmode.def 2015/11/11 v6250 L3 Experimental driver: PDF mode
\l__driver_color_stack_int=\count144
))
(/usr/share/texlive/texmf-dist/tex/latex/l3packages/xparse/xparse.sty
Package: xparse 2016/01/19 v6377 L3 Experimental document command parser
\l__xparse_current_arg_int=\count145
\l__xparse_m_args_int=\count146
\l__xparse_mandatory_args_int=\count147
\l__xparse_processor_int=\count148
\l__xparse_v_nesting_int=\count149
)
Package: siunitx 2016/03/01 v2.6q A comprehensive (SI) units package

(/usr/share/texlive/texmf-dist/tex/latex/tools/array.sty
Package: array 2014/10/28 v2.4c Tabular extension package (FMi)
\col@sep=\dimen170
\extrarowheight=\dimen171
\NC@list=\toks21
\extratabsurround=\skip59
\backup@length=\skip60
)
(/usr/share/texlive/texmf-dist/tex/latex/l3packages/l3keys2e/l3keys2e.sty
Package: l3keys2e 2016/01/19 v6377 LaTeX2e option processing using LaTeX3 keys
)
\l__siunitx_tmp_box=\box69
\l__siunitx_tmp_dim=\dimen172
\l__siunitx_tmp_int=\count150
\l__siunitx_number_mantissa_length_int=\count151
\l__siunitx_number_uncert_length_int=\count152
\l__siunitx_round_int=\count153
\l__siunitx_process_decimal_int=\count154
\l__siunitx_process_uncertainty_int=\count155
\l__siunitx_process_fixed_int=\count156
\l__siunitx_process_integer_min_int=\count157
\l__siunitx_process_precision_int=\count158
\l__siunitx_group_min_int=\count159
\l__siunitx_angle_marker_box=\box70
\l__siunitx_angle_unit_box=\box71
\l__siunitx_angle_marker_dim=\dimen173
\l__siunitx_angle_unit_dim=\dimen174
\l__siunitx_unit_int=\count160
\l__siunitx_unit_denominator_int=\count161
\l__siunitx_unit_numerator_int=\count162
\l__siunitx_unit_prefix_int=\count163
\l__siunitx_unit_prefix_base_int=\count164
\l__siunitx_unit_prefix_gram_int=\count165
\l__siunitx_number_product_int=\count166
\c__siunitx_one_fill_skip=\skip61
\l__siunitx_table_unit_align_skip=\skip62
\l__siunitx_table_exponent_dim=\dimen175
\l__siunitx_table_integer_dim=\dimen176
\l__siunitx_table_mantissa_dim=\dimen177
\l__siunitx_table_marker_dim=\dimen178
\l__siunitx_table_result_dim=\dimen179
\l__siunitx_table_uncert_dim=\dimen180
\l__siunitx_table_fill_pre_dim=\dimen181
\l__siunitx_table_fill_post_dim=\dimen182
\l__siunitx_table_fill_mid_dim=\dimen183
\l__siunitx_table_pre_box=\box72
\l__siunitx_table_post_box=\box73
\l__siunitx_table_mantissa_box=\box74
\l__siunitx_table_result_box=\box75
\l__siunitx_table_number_align_skip=\skip63
\l__siunitx_table_text_align_skip=\skip64
.................................................
. LaTeX info: "xparse/define-command"
. 
. Defining command \DeclareBinaryPrefix with sig. 'mmm' on line 7218.
.................................................
.................................................
. LaTeX info: "xparse/define-command"
. 
. Defining command \DeclareSIPostPower with sig. 'mm' on line 7221.
.................................................
.................................................
. LaTeX info: "xparse/define-command"
. 
. Defining command \DeclareSIPrefix with sig. 'mmm' on line 7224.
.................................................
.................................................
. LaTeX info: "xparse/define-command"
. 
. Defining command \DeclareSIPrePower with sig. 'mm' on line 7227.
.................................................
.................................................
. LaTeX info: "xparse/define-command"
. 
. Defining command \DeclareSIQualifier with sig. 'mm' on line 7230.
.................................................
.................................................
. LaTeX info: "xparse/define-command"
. 
. Defining command \DeclareSIUnit with sig. 'O{}mm' on line 7233.
.................................................
.................................................
. LaTeX info: "xparse/define-command"
. 
. Defining command \DeclareSIUnitWithOptions with sig. 'mmm' on line 7236.
.................................................
.................................................
. LaTeX info: "xparse/define-command"
. 
. Defining command \ang with sig. 'o>{\SplitArgument {2}{;}}m' on line 7251.
.................................................
.................................................
. LaTeX info: "xparse/define-command"
. 
. Defining command \num with sig. 'om' on line 7260.
.................................................
.................................................
. LaTeX info: "xparse/define-command"
. 
. Defining command \numlist with sig. 'o>{\SplitList {;}}m' on line 7269.
.................................................
.................................................
. LaTeX info: "xparse/define-command"
. 
. Defining command \numrange with sig. 'omm' on line 7278.
.................................................
.................................................
. LaTeX info: "xparse/define-command"
. 
. Defining command \SIlist with sig. 'o>{\SplitList {;}}mm' on line 7290.
.................................................
.................................................
. LaTeX info: "xparse/define-command"
. 
. Defining command \SIrange with sig. 'ommm' on line 7302.
.................................................
.................................................
. LaTeX info: "xparse/define-command"
. 
. Defining command \SI with sig. 'omom' on line 7314.
.................................................
.................................................
. LaTeX info: "xparse/define-command"
. 
. Defining command \sisetup with sig. 'm' on line 7317.
.................................................
.................................................
. LaTeX info: "xparse/define-command"
. 
. Defining command \tablenum with sig. 'om' on line 7332.
.................................................
.................................................
. LaTeX info: "xparse/define-command"
. 
. Defining command \si with sig. 'om' on line 7344.
.................................................
.................................................
. LaTeX info: "xparse/define-command"
. 
. Defining command \__siunitx_bookmark_num:w with sig. 'om' on line 7391.
.................................................
.................................................
. LaTeX info: "xparse/define-command"
. 
. Defining command \__siunitx_bookmark_numrange:w with sig. 'omm' on line
. 7393.
.................................................
.................................................
. LaTeX info: "xparse/define-command"
. 
. Defining command \__siunitx_bookmark_SI:w with sig. 'omom' on line 7395.
.................................................
.................................................
. LaTeX info: "xparse/define-command"
. 
. Defining command \__siunitx_bookmark_SIlist:w with sig. 'omm' on line 7397.
.................................................
.................................................
. LaTeX info: "xparse/define-command"
. 
. Defining command \__siunitx_bookmark_SIrange:w with sig. 'ommm' on line
. 7399.
.................................................
.................................................
. LaTeX info: "xparse/define-command"
. 
. Defining command \__siunitx_bookmark_si:w with sig. 'om' on line 7400.
.................................................
\g__file_internal_ior=\read1

(/usr/share/texlive/texmf-dist/tex/latex/beamer/translator/translator.sty
Package: translator 2010/06/12 ver 1.10

(/usr/share/texlive/texmf-dist/tex/latex/beamer/translator/translator-language-
mappings.tex))) (/usr/share/texlive/texmf-dist/tex/latex/booktabs/booktabs.sty
Package: booktabs 2005/04/14 v1.61803 publication quality tables
\heavyrulewidth=\dimen184
\lightrulewidth=\dimen185
\cmidrulewidth=\dimen186
\belowrulesep=\dimen187
\belowbottomsep=\dimen188
\aboverulesep=\dimen189
\abovetopsep=\dimen190
\cmidrulesep=\dimen191
\cmidrulekern=\dimen192
\defaultaddspace=\dimen193
\@cmidla=\count167
\@cmidlb=\count168
\@aboverulesep=\dimen194
\@belowrulesep=\dimen195
\@thisruleclass=\count169
\@lastruleclass=\count170
\@thisrulewidth=\dimen196
) (/usr/share/texlive/texmf-dist/tex/latex/xcolor/xcolor.sty
Package: xcolor 2007/01/21 v2.11 LaTeX color extensions (UK)

(/usr/share/texlive/texmf-dist/tex/latex/latexconfig/color.cfg
File: color.cfg 2007/01/18 v1.5 color configuration of teTeX/TeXLive
)
Package xcolor Info: Driver file: pdftex.def on input line 225.

(/usr/share/texlive/texmf-dist/tex/latex/colortbl/colortbl.sty
Package: colortbl 2012/02/13 v1.0a Color table columns (DPC)
\everycr=\toks22
\minrowclearance=\skip65
)
\rownum=\count171
Package xcolor Info: Model `cmy' substituted by `cmy0' on input line 1337.
Package xcolor Info: Model `hsb' substituted by `rgb' on input line 1341.
Package xcolor Info: Model `RGB' extended on input line 1353.
Package xcolor Info: Model `HTML' substituted by `rgb' on input line 1355.
Package xcolor Info: Model `Hsb' substituted by `hsb' on input line 1356.
Package xcolor Info: Model `tHsb' substituted by `hsb' on input line 1357.
Package xcolor Info: Model `HSB' substituted by `hsb' on input line 1358.
Package xcolor Info: Model `Gray' substituted by `gray' on input line 1359.
Package xcolor Info: Model `wave' substituted by `hsb' on input line 1360.
)
(/usr/share/texlive/texmf-dist/tex/latex/preprint/balance.sty
Package: balance 1999/02/23 4.3 (PWD)
\oldvsize=\dimen197
)
(/usr/share/texlive/texmf-dist/tex/latex/listings/listings.sty
\lst@mode=\count172
\lst@gtempboxa=\box76
\lst@token=\toks23
\lst@length=\count173
\lst@currlwidth=\dimen198
\lst@column=\count174
\lst@pos=\count175
\lst@lostspace=\dimen199
\lst@width=\dimen256
\lst@newlines=\count176
\lst@lineno=\count177
\lst@maxwidth=\dimen257

(/usr/share/texlive/texmf-dist/tex/latex/listings/lstmisc.sty
File: lstmisc.sty 2015/06/04 1.6 (Carsten Heinz)
\c@lstnumber=\count178
\lst@skipnumbers=\count179
\lst@framebox=\box77
)
(/usr/share/texlive/texmf-dist/tex/latex/listings/listings.cfg
File: listings.cfg 2015/06/04 1.6 listings configuration
))
Package: listings 2015/06/04 1.6 (Carsten Heinz)

(/usr/share/texlive/texmf-dist/tex/latex/lstaddons/lstlinebgrd.sty
Package: lstlinebgrd 2012/05/03 v0.1 Provides 'listings' options to color the b
ackground of lines
)
(/usr/share/texlive/texmf-dist/tex/generic/ulem/ulem.sty
\UL@box=\box78
\UL@hyphenbox=\box79
\UL@skip=\skip66
\UL@hook=\toks24
\UL@height=\dimen258
\UL@pe=\count180
\UL@pixel=\dimen259
\ULC@box=\box80
Package: ulem 2012/05/18
\ULdepth=\dimen260
)
(/usr/share/texlive/texmf-dist/tex/latex/mathtools/mathtools.sty
Package: mathtools 2015/11/12 v1.18 mathematical typesetting tools

(/usr/share/texlive/texmf-dist/tex/latex/tools/calc.sty
Package: calc 2014/10/28 v4.3 Infix arithmetic (KKT,FJ)
\calc@Acount=\count181
\calc@Bcount=\count182
\calc@Adimen=\dimen261
\calc@Bdimen=\dimen262
\calc@Askip=\skip67
\calc@Bskip=\skip68
LaTeX Info: Redefining \setlength on input line 80.
LaTeX Info: Redefining \addtolength on input line 81.
\calc@Ccount=\count183
\calc@Cskip=\skip69
)
(/usr/share/texlive/texmf-dist/tex/latex/mathtools/mhsetup.sty
Package: mhsetup 2010/01/21 v1.2a programming setup (MH)
)
LaTeX Info: Thecontrolsequence`\('isalreadyrobust on input line 129.
LaTeX Info: Thecontrolsequence`\)'isalreadyrobust on input line 129.
LaTeX Info: Thecontrolsequence`\['isalreadyrobust on input line 129.
LaTeX Info: Thecontrolsequence`\]'isalreadyrobust on input line 129.
\g_MT_multlinerow_int=\count184
\l_MT_multwidth_dim=\dimen263
\origjot=\skip70
\l_MT_shortvdotswithinadjustabove_dim=\dimen264
\l_MT_shortvdotswithinadjustbelow_dim=\dimen265
\l_MT_above_intertext_sep=\dimen266
\l_MT_below_intertext_sep=\dimen267
\l_MT_above_shortintertext_sep=\dimen268
\l_MT_below_shortintertext_sep=\dimen269
)
(/usr/share/texlive/texmf-dist/tex/latex/float/float.sty
Package: float 2001/11/08 v1.3d Float enhancements (AL)
\c@float@type=\count185
\float@exts=\toks25
\float@box=\box81
\@float@everytoks=\toks26
\@floatcapt=\box82
)
(/usr/share/texlive/texmf-dist/tex/latex/todonotes/todonotes.sty
Package: todonotes 2015/07/09 .dtx Todonotes source and documentation.
Package: todonotes 2012/07/25

(/usr/share/texlive/texmf-dist/tex/latex/xkeyval/xkeyval.sty
Package: xkeyval 2014/12/03 v2.7a package option processing (HA)

(/usr/share/texlive/texmf-dist/tex/generic/xkeyval/xkeyval.tex
(/usr/share/texlive/texmf-dist/tex/generic/xkeyval/xkvutils.tex
\XKV@toks=\toks27
\XKV@tempa@toks=\toks28
)
\XKV@depth=\count186
File: xkeyval.tex 2014/12/03 v2.7a key=value parser (HA)
))
(/usr/share/texlive/texmf-dist/tex/latex/pgf/frontendlayer/tikz.sty
(/usr/share/texlive/texmf-dist/tex/latex/pgf/basiclayer/pgf.sty
(/usr/share/texlive/texmf-dist/tex/latex/pgf/utilities/pgfrcs.sty
(/usr/share/texlive/texmf-dist/tex/generic/pgf/utilities/pgfutil-common.tex
\pgfutil@everybye=\toks29
\pgfutil@tempdima=\dimen270
\pgfutil@tempdimb=\dimen271

(/usr/share/texlive/texmf-dist/tex/generic/pgf/utilities/pgfutil-common-lists.t
ex)) (/usr/share/texlive/texmf-dist/tex/generic/pgf/utilities/pgfutil-latex.def
\pgfutil@abb=\box83
(/usr/share/texlive/texmf-dist/tex/latex/ms/everyshi.sty
Package: everyshi 2001/05/15 v3.00 EveryShipout Package (MS)
))
(/usr/share/texlive/texmf-dist/tex/generic/pgf/utilities/pgfrcs.code.tex
Package: pgfrcs 2015/08/07 v3.0.1a (rcs-revision 1.31)
))
Package: pgf 2015/08/07 v3.0.1a (rcs-revision 1.15)

(/usr/share/texlive/texmf-dist/tex/latex/pgf/basiclayer/pgfcore.sty
(/usr/share/texlive/texmf-dist/tex/latex/pgf/systemlayer/pgfsys.sty
(/usr/share/texlive/texmf-dist/tex/generic/pgf/systemlayer/pgfsys.code.tex
Package: pgfsys 2014/07/09 v3.0.1a (rcs-revision 1.48)

(/usr/share/texlive/texmf-dist/tex/generic/pgf/utilities/pgfkeys.code.tex
\pgfkeys@pathtoks=\toks30
\pgfkeys@temptoks=\toks31

(/usr/share/texlive/texmf-dist/tex/generic/pgf/utilities/pgfkeysfiltered.code.t
ex
\pgfkeys@tmptoks=\toks32
))
\pgf@x=\dimen272
\pgf@y=\dimen273
\pgf@xa=\dimen274
\pgf@ya=\dimen275
\pgf@xb=\dimen276
\pgf@yb=\dimen277
\pgf@xc=\dimen278
\pgf@yc=\dimen279
\w@pgf@writea=\write3
\r@pgf@reada=\read2
\c@pgf@counta=\count187
\c@pgf@countb=\count188
\c@pgf@countc=\count189
\c@pgf@countd=\count190
\t@pgf@toka=\toks33
\t@pgf@tokb=\toks34
\t@pgf@tokc=\toks35
 (/usr/share/texlive/texmf-dist/tex/generic/pgf/systemlayer/pgf.cfg
File: pgf.cfg 2008/05/14  (rcs-revision 1.7)
)
Driver file for pgf: pgfsys-pdftex.def

(/usr/share/texlive/texmf-dist/tex/generic/pgf/systemlayer/pgfsys-pdftex.def
File: pgfsys-pdftex.def 2014/10/11  (rcs-revision 1.35)

(/usr/share/texlive/texmf-dist/tex/generic/pgf/systemlayer/pgfsys-common-pdf.de
f
File: pgfsys-common-pdf.def 2013/10/10  (rcs-revision 1.13)
)))
(/usr/share/texlive/texmf-dist/tex/generic/pgf/systemlayer/pgfsyssoftpath.code.
tex
File: pgfsyssoftpath.code.tex 2013/09/09  (rcs-revision 1.9)
\pgfsyssoftpath@smallbuffer@items=\count191
\pgfsyssoftpath@bigbuffer@items=\count192
)
(/usr/share/texlive/texmf-dist/tex/generic/pgf/systemlayer/pgfsysprotocol.code.
tex
File: pgfsysprotocol.code.tex 2006/10/16  (rcs-revision 1.4)
))
(/usr/share/texlive/texmf-dist/tex/generic/pgf/basiclayer/pgfcore.code.tex
Package: pgfcore 2010/04/11 v3.0.1a (rcs-revision 1.7)

(/usr/share/texlive/texmf-dist/tex/generic/pgf/math/pgfmath.code.tex
(/usr/share/texlive/texmf-dist/tex/generic/pgf/math/pgfmathcalc.code.tex
(/usr/share/texlive/texmf-dist/tex/generic/pgf/math/pgfmathutil.code.tex)
(/usr/share/texlive/texmf-dist/tex/generic/pgf/math/pgfmathparser.code.tex
\pgfmath@dimen=\dimen280
\pgfmath@count=\count193
\pgfmath@box=\box84
\pgfmath@toks=\toks36
\pgfmath@stack@operand=\toks37
\pgfmath@stack@operation=\toks38
)
(/usr/share/texlive/texmf-dist/tex/generic/pgf/math/pgfmathfunctions.code.tex
(/usr/share/texlive/texmf-dist/tex/generic/pgf/math/pgfmathfunctions.basic.code
.tex)
(/usr/share/texlive/texmf-dist/tex/generic/pgf/math/pgfmathfunctions.trigonomet
ric.code.tex)
(/usr/share/texlive/texmf-dist/tex/generic/pgf/math/pgfmathfunctions.random.cod
e.tex)
(/usr/share/texlive/texmf-dist/tex/generic/pgf/math/pgfmathfunctions.comparison
.code.tex)
(/usr/share/texlive/texmf-dist/tex/generic/pgf/math/pgfmathfunctions.base.code.
tex)
(/usr/share/texlive/texmf-dist/tex/generic/pgf/math/pgfmathfunctions.round.code
.tex)
(/usr/share/texlive/texmf-dist/tex/generic/pgf/math/pgfmathfunctions.misc.code.
tex)
(/usr/share/texlive/texmf-dist/tex/generic/pgf/math/pgfmathfunctions.integerari
thmetics.code.tex)))
(/usr/share/texlive/texmf-dist/tex/generic/pgf/math/pgfmathfloat.code.tex
\c@pgfmathroundto@lastzeros=\count194
))
(/usr/share/texlive/texmf-dist/tex/generic/pgf/basiclayer/pgfcorepoints.code.te
x
File: pgfcorepoints.code.tex 2013/10/07  (rcs-revision 1.27)
\pgf@picminx=\dimen281
\pgf@picmaxx=\dimen282
\pgf@picminy=\dimen283
\pgf@picmaxy=\dimen284
\pgf@pathminx=\dimen285
\pgf@pathmaxx=\dimen286
\pgf@pathminy=\dimen287
\pgf@pathmaxy=\dimen288
\pgf@xx=\dimen289
\pgf@xy=\dimen290
\pgf@yx=\dimen291
\pgf@yy=\dimen292
\pgf@zx=\dimen293
\pgf@zy=\dimen294
)
(/usr/share/texlive/texmf-dist/tex/generic/pgf/basiclayer/pgfcorepathconstruct.
code.tex
File: pgfcorepathconstruct.code.tex 2013/10/07  (rcs-revision 1.29)
\pgf@path@lastx=\dimen295
\pgf@path@lasty=\dimen296
)
(/usr/share/texlive/texmf-dist/tex/generic/pgf/basiclayer/pgfcorepathusage.code
.tex
File: pgfcorepathusage.code.tex 2014/11/02  (rcs-revision 1.24)
\pgf@shorten@end@additional=\dimen297
\pgf@shorten@start@additional=\dimen298
)
(/usr/share/texlive/texmf-dist/tex/generic/pgf/basiclayer/pgfcorescopes.code.te
x
File: pgfcorescopes.code.tex 2015/05/08  (rcs-revision 1.46)
\pgfpic=\box85
\pgf@hbox=\box86
\pgf@layerbox@main=\box87
\pgf@picture@serial@count=\count195
)
(/usr/share/texlive/texmf-dist/tex/generic/pgf/basiclayer/pgfcoregraphicstate.c
ode.tex
File: pgfcoregraphicstate.code.tex 2014/11/02  (rcs-revision 1.12)
\pgflinewidth=\dimen299
)
(/usr/share/texlive/texmf-dist/tex/generic/pgf/basiclayer/pgfcoretransformation
s.code.tex
File: pgfcoretransformations.code.tex 2015/08/07  (rcs-revision 1.20)
\pgf@pt@x=\dimen300
\pgf@pt@y=\dimen301
\pgf@pt@temp=\dimen302
)
(/usr/share/texlive/texmf-dist/tex/generic/pgf/basiclayer/pgfcorequick.code.tex
File: pgfcorequick.code.tex 2008/10/09  (rcs-revision 1.3)
)
(/usr/share/texlive/texmf-dist/tex/generic/pgf/basiclayer/pgfcoreobjects.code.t
ex
File: pgfcoreobjects.code.tex 2006/10/11  (rcs-revision 1.2)
)
(/usr/share/texlive/texmf-dist/tex/generic/pgf/basiclayer/pgfcorepathprocessing
.code.tex
File: pgfcorepathprocessing.code.tex 2013/09/09  (rcs-revision 1.9)
)
(/usr/share/texlive/texmf-dist/tex/generic/pgf/basiclayer/pgfcorearrows.code.te
x
File: pgfcorearrows.code.tex 2015/05/14  (rcs-revision 1.43)
\pgfarrowsep=\dimen303
)
(/usr/share/texlive/texmf-dist/tex/generic/pgf/basiclayer/pgfcoreshade.code.tex
File: pgfcoreshade.code.tex 2013/07/15  (rcs-revision 1.15)
\pgf@max=\dimen304
\pgf@sys@shading@range@num=\count196
)
(/usr/share/texlive/texmf-dist/tex/generic/pgf/basiclayer/pgfcoreimage.code.tex
File: pgfcoreimage.code.tex 2013/07/15  (rcs-revision 1.18)

(/usr/share/texlive/texmf-dist/tex/generic/pgf/basiclayer/pgfcoreexternal.code.
tex
File: pgfcoreexternal.code.tex 2014/07/09  (rcs-revision 1.21)
\pgfexternal@startupbox=\box88
))
(/usr/share/texlive/texmf-dist/tex/generic/pgf/basiclayer/pgfcorelayers.code.te
x
File: pgfcorelayers.code.tex 2013/07/18  (rcs-revision 1.7)
)
(/usr/share/texlive/texmf-dist/tex/generic/pgf/basiclayer/pgfcoretransparency.c
ode.tex
File: pgfcoretransparency.code.tex 2013/09/30  (rcs-revision 1.5)
)
(/usr/share/texlive/texmf-dist/tex/generic/pgf/basiclayer/pgfcorepatterns.code.
tex
File: pgfcorepatterns.code.tex 2013/11/07  (rcs-revision 1.5)
)))
(/usr/share/texlive/texmf-dist/tex/generic/pgf/modules/pgfmoduleshapes.code.tex
File: pgfmoduleshapes.code.tex 2014/03/21  (rcs-revision 1.35)
\pgfnodeparttextbox=\box89
) (/usr/share/texlive/texmf-dist/tex/generic/pgf/modules/pgfmoduleplot.code.tex
File: pgfmoduleplot.code.tex 2015/08/03  (rcs-revision 1.13)
)
(/usr/share/texlive/texmf-dist/tex/latex/pgf/compatibility/pgfcomp-version-0-65
.sty
Package: pgfcomp-version-0-65 2007/07/03 v3.0.1a (rcs-revision 1.7)
\pgf@nodesepstart=\dimen305
\pgf@nodesepend=\dimen306
)
(/usr/share/texlive/texmf-dist/tex/latex/pgf/compatibility/pgfcomp-version-1-18
.sty
Package: pgfcomp-version-1-18 2007/07/23 v3.0.1a (rcs-revision 1.1)
)) (/usr/share/texlive/texmf-dist/tex/latex/pgf/utilities/pgffor.sty
(/usr/share/texlive/texmf-dist/tex/latex/pgf/utilities/pgfkeys.sty
(/usr/share/texlive/texmf-dist/tex/generic/pgf/utilities/pgfkeys.code.tex))
(/usr/share/texlive/texmf-dist/tex/latex/pgf/math/pgfmath.sty
(/usr/share/texlive/texmf-dist/tex/generic/pgf/math/pgfmath.code.tex))
(/usr/share/texlive/texmf-dist/tex/generic/pgf/utilities/pgffor.code.tex
Package: pgffor 2013/12/13 v3.0.1a (rcs-revision 1.25)

(/usr/share/texlive/texmf-dist/tex/generic/pgf/math/pgfmath.code.tex)
\pgffor@iter=\dimen307
\pgffor@skip=\dimen308
\pgffor@stack=\toks39
\pgffor@toks=\toks40
))
(/usr/share/texlive/texmf-dist/tex/generic/pgf/frontendlayer/tikz/tikz.code.tex
Package: tikz 2015/08/07 v3.0.1a (rcs-revision 1.151)

(/usr/share/texlive/texmf-dist/tex/generic/pgf/libraries/pgflibraryplothandlers
.code.tex
File: pgflibraryplothandlers.code.tex 2013/08/31 v3.0.1a (rcs-revision 1.20)
\pgf@plot@mark@count=\count197
\pgfplotmarksize=\dimen309
)
\tikz@lastx=\dimen310
\tikz@lasty=\dimen311
\tikz@lastxsaved=\dimen312
\tikz@lastysaved=\dimen313
\tikzleveldistance=\dimen314
\tikzsiblingdistance=\dimen315
\tikz@figbox=\box90
\tikz@figbox@bg=\box91
\tikz@tempbox=\box92
\tikz@tempbox@bg=\box93
\tikztreelevel=\count198
\tikznumberofchildren=\count199
\tikznumberofcurrentchild=\count266
\tikz@fig@count=\count267

(/usr/share/texlive/texmf-dist/tex/generic/pgf/modules/pgfmodulematrix.code.tex
File: pgfmodulematrix.code.tex 2013/09/17  (rcs-revision 1.8)
\pgfmatrixcurrentrow=\count268
\pgfmatrixcurrentcolumn=\count269
\pgf@matrix@numberofcolumns=\count270
)
\tikz@expandcount=\count271

(/usr/share/texlive/texmf-dist/tex/generic/pgf/frontendlayer/tikz/libraries/tik
zlibrarytopaths.code.tex
File: tikzlibrarytopaths.code.tex 2008/06/17 v3.0.1a (rcs-revision 1.2)
)))
(/usr/share/texlive/texmf-dist/tex/generic/pgf/frontendlayer/tikz/libraries/tik
zlibrarypositioning.code.tex
File: tikzlibrarypositioning.code.tex 2008/10/06 v3.0.1a (rcs-revision 1.7)
)
\c@@todonotes@numberoftodonotes=\count272
) (./infthesis-template.aux
(./introduction/introduction.aux) (./background/background.aux)
(./relatedwork/relatedwork.aux) (./streamit-paper/streamit-chapter.aux)
(./cases-paper/cases-chapter.aux

LaTeX Warning: Label `sec:setup' multiply defined.


LaTeX Warning: Label `sec:related' multiply defined.

))
\openout1 = `infthesis-template.aux'.

LaTeX Font Info:    Checking defaults for OML/cmm/m/it on input line 111.
LaTeX Font Info:    ... okay on input line 111.
LaTeX Font Info:    Checking defaults for T1/cmr/m/n on input line 111.
LaTeX Font Info:    ... okay on input line 111.
LaTeX Font Info:    Checking defaults for OT1/cmr/m/n on input line 111.
LaTeX Font Info:    ... okay on input line 111.
LaTeX Font Info:    Checking defaults for OMS/pzccm/m/n on input line 111.
LaTeX Font Info:    Try loading font information for OMS+pzccm on input line 11
1.
 (/usr/share/texlive/texmf-dist/tex/latex/psnfss/omspzccm.fd
File: omspzccm.fd 2000/01/03 Fontinst v1.801 font definitions for OMS/pzccm.
)
LaTeX Font Info:    ... okay on input line 111.
LaTeX Font Info:    Checking defaults for OMX/cmex/m/n on input line 111.
LaTeX Font Info:    ... okay on input line 111.
LaTeX Font Info:    Checking defaults for U/cmr/m/n on input line 111.
LaTeX Font Info:    ... okay on input line 111.

*geometry* driver: auto-detecting
*geometry* detected driver: pdftex
*geometry* verbose mode - [ preamble ] result:
* driver: pdftex
* paper: a4paper
* layout: <same size as paper>
* layoutoffset:(h,v)=(0.0pt,0.0pt)
* modes: twoside 
* h-part:(L,W,R)=(113.81102pt, 412.56497pt, 71.13188pt)
* v-part:(T,H,B)=(56.9055pt, 674.33032pt, 113.81102pt)
* \paperwidth=597.50787pt
* \paperheight=845.04684pt
* \textwidth=412.56497pt
* \textheight=674.33032pt
* \oddsidemargin=41.54103pt
* \evensidemargin=-1.1381pt
* \topmargin=-52.36449pt
* \headheight=12.0pt
* \headsep=25.0pt
* \topskip=12.0pt
* \footskip=30.0pt
* \marginparwidth=85.0pt
* \marginparsep=10.0pt
* \columnsep=10.0pt
* \skip\footins=10.8pt plus 4.0pt minus 2.0pt
* \hoffset=0.0pt
* \voffset=0.0pt
* \mag=1000
* \@twocolumnfalse
* \@twosidetrue
* \@mparswitchtrue
* \@reversemarginfalse
* (1in=72.27pt=25.4mm, 1cm=28.453pt)

(/usr/share/texlive/texmf-dist/tex/context/base/supp-pdf.mkii
[Loading MPS to PDF converter (version 2006.09.02).]
\scratchcounter=\count273
\scratchdimen=\dimen316
\scratchbox=\box94
\nofMPsegments=\count274
\nofMParguments=\count275
\everyMPshowfont=\toks41
\MPscratchCnt=\count276
\MPscratchDim=\dimen317
\MPnumerator=\count277
\makeMPintoPDFobject=\count278
\everyMPtoPDFconversion=\toks42
) (/usr/share/texlive/texmf-dist/tex/generic/oberdiek/pdftexcmds.sty
Package: pdftexcmds 2011/11/29 v0.20 Utility functions of pdfTeX for LuaTeX (HO
)

(/usr/share/texlive/texmf-dist/tex/generic/oberdiek/ifluatex.sty
Package: ifluatex 2010/03/01 v1.3 Provides the ifluatex switch (HO)
Package ifluatex Info: LuaTeX not detected.
)
Package pdftexcmds Info: LuaTeX not detected.
Package pdftexcmds Info: \pdf@primitive is available.
Package pdftexcmds Info: \pdf@ifprimitive is available.
Package pdftexcmds Info: \pdfdraftmode found.
)
(/usr/share/texlive/texmf-dist/tex/latex/oberdiek/epstopdf-base.sty
Package: epstopdf-base 2010/02/09 v2.5 Base part for package epstopdf

(/usr/share/texlive/texmf-dist/tex/latex/oberdiek/grfext.sty
Package: grfext 2010/08/19 v1.1 Manage graphics extensions (HO)

(/usr/share/texlive/texmf-dist/tex/generic/oberdiek/kvdefinekeys.sty
Package: kvdefinekeys 2011/04/07 v1.3 Define keys (HO)
))
(/usr/share/texlive/texmf-dist/tex/latex/oberdiek/kvoptions.sty
Package: kvoptions 2011/06/30 v3.11 Key value format for package options (HO)

(/usr/share/texlive/texmf-dist/tex/generic/oberdiek/kvsetkeys.sty
Package: kvsetkeys 2012/04/25 v1.16 Key value parser (HO)

(/usr/share/texlive/texmf-dist/tex/generic/oberdiek/etexcmds.sty
Package: etexcmds 2011/02/16 v1.5 Avoid name clashes with e-TeX commands (HO)
Package etexcmds Info: Could not find \expanded.
(etexcmds)             That can mean that you are not using pdfTeX 1.50 or
(etexcmds)             that some package has redefined \expanded.
(etexcmds)             In the latter case, load this package earlier.
)))
Package grfext Info: Graphics extension search list:
(grfext)             [.png,.pdf,.jpg,.mps,.jpeg,.jbig2,.jb2,.PNG,.PDF,.JPG,.JPE
G,.JBIG2,.JB2,.eps]
(grfext)             \AppendGraphicsExtensions on input line 452.

(/usr/share/texlive/texmf-dist/tex/latex/latexconfig/epstopdf-sys.cfg
File: epstopdf-sys.cfg 2010/07/13 v1.3 Configuration of (r)epstopdf for TeX Liv
e
))
Package caption Info: Begin \AtBeginDocument code.
Package caption Info: subfig package v1.3 is loaded.
Package caption Info: float package is loaded.
Package caption Info: listings package is loaded.
Package caption Info: End \AtBeginDocument code.

(/usr/share/texlive/texmf-dist/tex/latex/beamer/translator/dicts/translator-bas
ic-dictionary/translator-basic-dictionary-English.dict
Dictionary: translator-basic-dictionary, Language: English 
)
(/usr/share/texlive/texmf-dist/tex/latex/siunitx/siunitx-abbreviations.cfg
File: siunitx-abbreviations.cfg 2016/03/01 v2.6q siunitx: Abbreviated units
)
\c@lstlisting=\count279

ABD: EveryShipout initializing macros
\c__siunitx_mathsf_int=\count280
LaTeX Font Info:    Try loading font information for OT1+ptmcm on input line 11
1.

(/usr/share/texlive/texmf-dist/tex/latex/psnfss/ot1ptmcm.fd
File: ot1ptmcm.fd 2000/01/03 Fontinst v1.801 font definitions for OT1/ptmcm.
)
LaTeX Font Info:    Try loading font information for OML+ptmcm on input line 11
1.

(/usr/share/texlive/texmf-dist/tex/latex/psnfss/omlptmcm.fd
File: omlptmcm.fd 2000/01/03 Fontinst v1.801 font definitions for OML/ptmcm.
)
LaTeX Font Info:    Try loading font information for OMX+psycm on input line 11
1.

(/usr/share/texlive/texmf-dist/tex/latex/psnfss/omxpsycm.fd
File: omxpsycm.fd 2000/01/03 Fontinst v1.801 font definitions for OMX/psycm.
)
LaTeX Font Info:    Font shape `OT1/ptm/bx/n' in size <12> not available
(Font)              Font shape `OT1/ptm/b/n' tried instead on input line 111.
LaTeX Font Info:    Font shape `OT1/ptm/bx/n' in size <9> not available
(Font)              Font shape `OT1/ptm/b/n' tried instead on input line 111.
LaTeX Font Info:    Font shape `OT1/ptm/bx/n' in size <7> not available
(Font)              Font shape `OT1/ptm/b/n' tried instead on input line 111.
\c__siunitx_mathtt_int=\count281
LaTeX Font Info:    Font shape `OT1/ptm/bx/n' in size <20.74> not available
(Font)              Font shape `OT1/ptm/b/n' tried instead on input line 117.
LaTeX Font Info:    Font shape `OT1/phv/bx/n' in size <20.74> not available
(Font)              Font shape `OT1/phv/b/n' tried instead on input line 117.
LaTeX Font Info:    Font shape `OT1/phv/b/n' will be
(Font)              scaled to size 18.66588pt on input line 117.
 [1

{/var/lib/texmf/fonts/map/pdftex/updmap/pdftex.map}] [2

]
LaTeX Font Info:    Font shape `OT1/phv/m/n' will be
(Font)              scaled to size 10.79993pt on input line 117.
LaTeX Font Info:    Font shape `OT1/phv/bx/n' in size <12> not available
(Font)              Font shape `OT1/phv/b/n' tried instead on input line 117.
LaTeX Font Info:    Font shape `OT1/phv/b/n' will be
(Font)              scaled to size 10.79993pt on input line 117.
 [3] [4] [5] [6

]
LaTeX Font Info:    Font shape `OT1/ptm/bx/n' in size <24.88> not available
(Font)              Font shape `OT1/ptm/b/n' tried instead on input line 133.
LaTeX Font Info:    Font shape `OT1/phv/bx/n' in size <24.88> not available
(Font)              Font shape `OT1/phv/b/n' tried instead on input line 133.
LaTeX Font Info:    Font shape `OT1/phv/b/n' will be
(Font)              scaled to size 22.39185pt on input line 133.

(./infthesis-template.toc
Overfull \hbox (1.08368pt too wide) in paragraph at lines 8--8
 [][] []\OT1/ptm/m/n/12 Microarchitectural Re-con-fig-urable Dy-namic Mul-ti-co
re Pro-ces- 
 []

[7] [8])
\tf@toc=\write4
\openout4 = `infthesis-template.toc'.

 [9] [10

]
\openout2 = `./introduction/introduction.aux'.

 (./introduction/introduction.tex
Chapter 1.
) [1


]
\openout2 = `./background/background.aux'.

 (./background/background.tex [2



]
Chapter 2.
LaTeX Font Info:    Font shape `OT1/ptm/bx/n' in size <17.28> not available
(Font)              Font shape `OT1/ptm/b/n' tried instead on input line 8.
LaTeX Font Info:    Font shape `OT1/phv/bx/n' in size <17.28> not available
(Font)              Font shape `OT1/phv/b/n' tried instead on input line 8.
LaTeX Font Info:    Font shape `OT1/phv/b/n' will be
(Font)              scaled to size 15.55188pt on input line 8.
<background/graphics/i7intel.jpg, id=48, 1250.42157pt x 475.7775pt>
File: background/graphics/i7intel.jpg Graphic file (type jpg)

<use background/graphics/i7intel.jpg>
Package pdftex.def Info: background/graphics/i7intel.jpg used on input line 12.

(pdftex.def)             Requested size: 412.56497pt x 156.97801pt.


LaTeX Warning: Citation `ekhout2010amdalh' on page 3 undefined on input line 27
.

[3] <background/graphics/biglittle.png, id=55, 602.25pt x 322.20375pt>
File: background/graphics/biglittle.png Graphic file (type png)

<use background/graphics/biglittle.png>
Package pdftex.def Info: background/graphics/biglittle.png used on input line 4
2.
(pdftex.def)             Requested size: 412.56497pt x 220.73282pt.


LaTeX Warning: Citation `bigLittle' on page 4 undefined on input line 47.


LaTeX Warning: Citation `venkatharnessingISA' on page 4 undefined on input line
 54.

LaTeX Font Info:    Font shape `OT1/phv/m/it' in size <12> not available
(Font)              Font shape `OT1/phv/m/sl' tried instead on input line 56.
LaTeX Font Info:    Font shape `OT1/phv/m/sl' will be
(Font)              scaled to size 10.79993pt on input line 56.
[4 <./background/graphics/i7intel.jpg>]
Underfull \vbox (badness 10000) has occurred while \output is active []

 [5 <./background/graphics/biglittle.png>]
LaTeX Font Info:    Font shape `OT1/ptm/bx/n' in size <14.4> not available
(Font)              Font shape `OT1/ptm/b/n' tried instead on input line 70.
LaTeX Font Info:    Font shape `OT1/phv/bx/n' in size <14.4> not available
(Font)              Font shape `OT1/phv/b/n' tried instead on input line 70.
LaTeX Font Info:    Font shape `OT1/phv/b/n' will be
(Font)              scaled to size 12.9599pt on input line 70.

<streamit-paper/graphics/dmcgraph.pdf, id=64, 400.57782pt x 307.25775pt>
File: streamit-paper/graphics/dmcgraph.pdf Graphic file (type pdf)

<use streamit-paper/graphics/dmcgraph.pdf>
Package pdftex.def Info: streamit-paper/graphics/dmcgraph.pdf used on input lin
e 74.
(pdftex.def)             Requested size: 288.79422pt x 221.52077pt.


LaTeX Warning: Reference `sec' on page 6 undefined on input line 85.

[6 <./streamit-paper/graphics/dmcgraph.pdf>]
Overfull \hbox (5.0113pt too wide) in paragraph at lines 101--101
[]\OT1/phv/b/n/14.4 Microarchitectural Re-con-fig-urable Dy-namic Mul-ti-core P
ro-ces-
 []


LaTeX Warning: Citation `fallin' on page 7 undefined on input line 103.

<background/graphics/EDGE_3.pdf, id=236, 1606.4139pt x 639.05737pt>
File: background/graphics/EDGE_3.pdf Graphic file (type pdf)

<use background/graphics/EDGE_3.pdf>
Package pdftex.def Info: background/graphics/EDGE_3.pdf used on input line 109.

(pdftex.def)             Requested size: 412.56497pt x 164.12274pt.


LaTeX Warning: Citation `e2paper' on page 7 undefined on input line 124.

[7]
LaTeX Font Info:    Font shape `OMS/ptm/m/n' in size <12> not available
(Font)              Font shape `OMS/pzccm/m/n' tried instead on input line 131.

 <background/graphics/e2segment.png, id=240, 840.89156pt x 595.47469pt>
File: background/graphics/e2segment.png Graphic file (type png)

<use background/graphics/e2segment.png>
Package pdftex.def Info: background/graphics/e2segment.png used on input line 1
48.
(pdftex.def)             Requested size: 412.56497pt x 292.15767pt.


LaTeX Warning: Citation `e2smith' on page 8 undefined on input line 149.


LaTeX Warning: Citation `e2smith' on page 8 undefined on input line 149.

[8 <./background/graphics/EDGE_3.pdf>]
<cases-paper/graphics/background/proc_test.pdf, id=275, 757.3551pt x 93.8029pt>
File: cases-paper/graphics/background/proc_test.pdf Graphic file (type pdf)
<use cases-paper/graphics/background/proc_test.pdf>
Package pdftex.def Info: cases-paper/graphics/background/proc_test.pdf used on 
input line 167.
(pdftex.def)             Requested size: 412.56497pt x 51.09793pt.
 [9 <./background/graphics/e2segment.png>]
Underfull \vbox (badness 10000) has occurred while \output is active []

 [10 <./cases-paper/graphics/background/proc_test.pdf>]) [11]
\openout2 = `./relatedwork/relatedwork.aux'.


(./relatedwork/relatedwork.tex [12



]
Chapter 3.
) [13]
\openout2 = `./streamit-paper/streamit-chapter.aux'.

 (./streamit-paper/streamit-chapter.tex [14



]
Chapter 4.
(./streamit-paper/intro.tex
Underfull \vbox (badness 4872) has occurred while \output is active []

 [15]

LaTeX Warning: Reference `sec:background' on page 16 undefined on input line 50
.

) [16] (./streamit-paper/motivation.tex
<streamit-paper/graphics/beamformer_motivation.pdf, id=456, 505.89pt x 505.89pt
>
File: streamit-paper/graphics/beamformer_motivation.pdf Graphic file (type pdf)

 <use streamit-paper/graphics/beamformer_motivation.pdf>
Package pdftex.def Info: streamit-paper/graphics/beamformer_motivation.pdf used
 on input line 3.
(pdftex.def)             Requested size: 412.56497pt x 412.57072pt.
)
(./streamit-paper/setup.tex
<streamit-paper/graphics/explanation.pdf, id=457, 726.40231pt x 461.5812pt>
File: streamit-paper/graphics/explanation.pdf Graphic file (type pdf)

<use streamit-paper/graphics/explanation.pdf>
Package pdftex.def Info: streamit-paper/graphics/explanation.pdf used on input 
line 11.
(pdftex.def)             Requested size: 412.56497pt x 262.16728pt.

Underfull \vbox (badness 3009) has occurred while \output is active []

 [17]
[18] <streamit-paper/graphics/ESCProx.pdf, id=464, 505.89pt x 505.89pt>
File: streamit-paper/graphics/ESCProx.pdf Graphic file (type pdf)

<use streamit-paper/graphics/ESCProx.pdf>
Package pdftex.def Info: streamit-paper/graphics/ESCProx.pdf used on input line
 70.
(pdftex.def)             Requested size: 412.56497pt x 412.57072pt.

<streamit-paper/graphics/threadingmaybe.pdf, id=465, 1806.75pt x 578.16pt>
File: streamit-paper/graphics/threadingmaybe.pdf Graphic file (type pdf)

<use streamit-paper/graphics/threadingmaybe.pdf>
Package pdftex.def Info: streamit-paper/graphics/threadingmaybe.pdf used on inp
ut line 76.
(pdftex.def)             Requested size: 412.56497pt x 132.02122pt.
 [19])
(./streamit-paper/analysis.tex
Underfull \vbox (badness 10000) has occurred while \output is active []

 [20]
<streamit-paper/graphics/audiobeam_tots.pdf, id=472, 505.89pt x 505.89pt>
File: streamit-paper/graphics/audiobeam_tots.pdf Graphic file (type pdf)

<use streamit-paper/graphics/audiobeam_tots.pdf>
Package pdftex.def Info: streamit-paper/graphics/audiobeam_tots.pdf used on inp
ut line 25.
(pdftex.def)             Requested size: 412.56497pt x 412.57072pt.
 [21]
<streamit-paper/graphics/unrolled_fm.pdf, id=477, 505.89pt x 505.89pt>
File: streamit-paper/graphics/unrolled_fm.pdf Graphic file (type pdf)

<use streamit-paper/graphics/unrolled_fm.pdf>
Package pdftex.def Info: streamit-paper/graphics/unrolled_fm.pdf used on input 
line 45.
(pdftex.def)             Requested size: 412.56497pt x 412.57072pt.

<streamit-paper/graphics/threadcompbench.pdf, id=478, 1806.75pt x 578.16pt>
File: streamit-paper/graphics/threadcompbench.pdf Graphic file (type pdf)

<use streamit-paper/graphics/threadcompbench.pdf>
Package pdftex.def Info: streamit-paper/graphics/threadcompbench.pdf used on in
put line 69.
(pdftex.def)             Requested size: 412.56497pt x 132.02122pt.
 [22])
(./streamit-paper/thread_model.tex [23] [24]
<streamit-paper/graphics/corrGraph.pdf, id=488, 505.89pt x 505.89pt>
File: streamit-paper/graphics/corrGraph.pdf Graphic file (type pdf)

<use streamit-paper/graphics/corrGraph.pdf>
Package pdftex.def Info: streamit-paper/graphics/corrGraph.pdf used on input li
ne 46.
(pdftex.def)             Requested size: 412.56497pt x 412.57072pt.

<streamit-paper/graphics/lineargraphs.pdf, id=489, 2168.1pt x 867.24pt>
File: streamit-paper/graphics/lineargraphs.pdf Graphic file (type pdf)

<use streamit-paper/graphics/lineargraphs.pdf>
Package pdftex.def Info: streamit-paper/graphics/lineargraphs.pdf used on input
 line 68.
(pdftex.def)             Requested size: 412.56497pt x 165.0155pt.
) (./streamit-paper/core.tex
<streamit-paper/graphics/coreCorr.pdf, id=490, 505.89pt x 505.89pt>
File: streamit-paper/graphics/coreCorr.pdf Graphic file (type pdf)

<use streamit-paper/graphics/coreCorr.pdf>
Package pdftex.def Info: streamit-paper/graphics/coreCorr.pdf used on input lin
e 4.
(pdftex.def)             Requested size: 412.56497pt x 412.57072pt.
 [25]) (./streamit-paper/results.tex
Underfull \vbox (badness 3547) has occurred while \output is active []

 [26]
[27]
LaTeX Font Info:    Font shape `OT1/ptm/bx/n' in size <10.95> not available
(Font)              Font shape `OT1/ptm/b/n' tried instead on input line 31.
LaTeX Font Info:    Font shape `OT1/ptm/bx/n' in size <8> not available
(Font)              Font shape `OT1/ptm/b/n' tried instead on input line 31.
LaTeX Font Info:    Font shape `OT1/ptm/bx/n' in size <6> not available
(Font)              Font shape `OT1/ptm/b/n' tried instead on input line 31.
 <streamit-paper/graphics/results.pdf, id=501, 505.89pt x 505.89pt>
File: streamit-paper/graphics/results.pdf Graphic file (type pdf)

<use streamit-paper/graphics/results.pdf>
Package pdftex.def Info: streamit-paper/graphics/results.pdf used on input line
 70.
(pdftex.def)             Requested size: 412.56497pt x 412.57072pt.
) (./streamit-paper/related.tex
[28]) (./streamit-paper/conclusion.tex) [29]) [30] [31 <./streamit-paper/graphi
cs/beamformer_motivation.pdf>] [32 <./streamit-paper/graphics/explanation.pdf>]
[33 <./streamit-paper/graphics/ESCProx.pdf> <./streamit-paper/graphics/threadin
gmaybe.pdf>] [34 <./streamit-paper/graphics/audiobeam_tots.pdf>] [35 <./streami
t-paper/graphics/unrolled_fm.pdf> <./streamit-paper/graphics/threadcompbench.pd
f>] [36 <./streamit-paper/graphics/corrGraph.pdf>] [37 <./streamit-paper/graphi
cs/lineargraphs.pdf>] [38 <./streamit-paper/graphics/coreCorr.pdf>] [39]
[40 <./streamit-paper/graphics/results.pdf>]
\openout2 = `./cases-paper/cases-chapter.aux'.

 (./cases-paper/cases-chapter.tex
Chapter 5.
(./cases-paper/introduction.tex [41



]) (./cases-paper/motivationFinal.tex
<cases-paper/graphics/motivation/disp_opt_4_16_3.pdf, id=653, 703.23317pt x 113
.80388pt>
File: cases-paper/graphics/motivation/disp_opt_4_16_3.pdf Graphic file (type pd
f)
 <use cases-paper/graphics/motivation/disp_opt_4_16_3.pdf>
Package pdftex.def Info: cases-paper/graphics/motivation/disp_opt_4_16_3.pdf us
ed on input line 3.
(pdftex.def)             Requested size: 412.56497pt x 66.76514pt.

Overfull \hbox (0.1721pt too wide) in paragraph at lines 13--17
\OT1/ptm/m/n/12 Previous work in core fu-sion has fo-cused on de-liv-er-ing per
-for-mance im-prove-ments [[],
 []

[42]
<cases-paper/graphics/motivation/code_opt_3.pdf, id=657, 627.5137pt x 116.50475
pt>
File: cases-paper/graphics/motivation/code_opt_3.pdf Graphic file (type pdf)
 <use cases-paper/graphics/motivation/code_opt_3.pdf>
Package pdftex.def Info: cases-paper/graphics/motivation/code_opt_3.pdf used on
 input line 30.
(pdftex.def)             Requested size: 412.56497pt x 76.59825pt.
 [43 <./cases-paper/graphics/motivation/disp_opt_4_16_3.pdf>]) (./cases-paper/l
imitstudy.tex

LaTeX Warning: Reference `sect:background' on page 44 undefined on input line 7
.

[44 <./cases-paper/graphics/motivation/code_opt_3.pdf>]
<cases-paper/graphics/limit_study/prediction_req.pdf, id=699, 1150.2975pt x 234
.8775pt>
File: cases-paper/graphics/limit_study/prediction_req.pdf Graphic file (type pd
f)
 <use cases-paper/graphics/limit_study/prediction_req.pdf>
Package pdftex.def Info: cases-paper/graphics/limit_study/prediction_req.pdf us
ed on input line 31.
(pdftex.def)             Requested size: 412.56497pt x 84.24045pt.
 [45 <./cases-paper/graphics/limit_study/prediction_req.pdf>]
<cases-paper/graphics/limit_study/sync_cost.pdf, id=720, 1048.91875pt x 234.877
5pt>
File: cases-paper/graphics/limit_study/sync_cost.pdf Graphic file (type pdf)
 <use cases-paper/graphics/limit_study/sync_cost.pdf>
Package pdftex.def Info: cases-paper/graphics/limit_study/sync_cost.pdf used on
 input line 58.
(pdftex.def)             Requested size: 412.56497pt x 92.38315pt.
 [46 <./cases-paper/graphics/limit_study/sync_cost.pdf>]
<cases-paper/graphics/limit_study/summary.pdf, id=740, 337.26pt x 167.52586pt>
File: cases-paper/graphics/limit_study/summary.pdf Graphic file (type pdf)

<use cases-paper/graphics/limit_study/summary.pdf>
Package pdftex.def Info: cases-paper/graphics/limit_study/summary.pdf used on i
nput line 79.
(pdftex.def)             Requested size: 247.54149pt x 122.96259pt.
)
(./cases-paper/experimental_setup.tex [47 <./cases-paper/graphics/limit_study/s
ummary.pdf>]) (./cases-paper/compiler_opts.tex
(/usr/share/texlive/texmf-dist/tex/latex/listings/lstlang1.sty
File: lstlang1.sty 2015/06/04 1.6 listings language file
)
(/usr/share/texlive/texmf-dist/tex/latex/listings/lstmisc.sty
File: lstmisc.sty 2015/06/04 1.6 (Carsten Heinz)
)
LaTeX Font Info:    Try loading font information for OML+ptm on input line 5.

(/usr/share/texlive/texmf-dist/tex/latex/psnfss/omlptm.fd
File: omlptm.fd 
)
LaTeX Font Info:    Font shape `OML/ptm/m/n' in size <10.95> not available
(Font)              Font shape `OML/cmm/m/it' tried instead on input line 5.

Overfull \hbox (5.64223pt too wide) in paragraph at lines 6--7
[][][][][][][][][][][][][][][][][][][][][] 
 []

LaTeX Font Info:    Font shape `OMS/ptm/m/n' in size <10.95> not available
(Font)              Font shape `OMS/pzccm/m/n' tried instead on input line 8.

Overfull \hbox (45.06255pt too wide) in paragraph at lines 8--9
[][][][][][][][][][][][][][][][][][][][][][][][][][][] 
 []


Overfull \hbox (5.64223pt too wide) in paragraph at lines 19--20
[][][][][][][][][][][][][][][][][][][][][] 
 []


Overfull \hbox (18.78233pt too wide) in paragraph at lines 21--22
[][][][][][][][][][][] 
 []

[48]
<cases-paper/graphics/Exploration/ipc_comp.pdf, id=797, 1429.34pt x 243.91125pt
>
File: cases-paper/graphics/Exploration/ipc_comp.pdf Graphic file (type pdf)
 <use cases-paper/graphics/Exploration/ipc_comp.pdf>
Package pdftex.def Info: cases-paper/graphics/Exploration/ipc_comp.pdf used on 
input line 55.
(pdftex.def)             Requested size: 412.56497pt x 70.4012pt.

<cases-paper/graphics/Exploration/comp_speed.pdf, id=798, 1429.34pt x 243.91125
pt>
File: cases-paper/graphics/Exploration/comp_speed.pdf Graphic file (type pdf)
 <use cases-paper/graphics/Exploration/comp_speed.pdf>
Package pdftex.def Info: cases-paper/graphics/Exploration/comp_speed.pdf used o
n input line 62.
(pdftex.def)             Requested size: 412.56497pt x 70.4012pt.
 [49] [50 <./cases-paper/graphics/Exploration/ipc_comp.pdf> <./cases-paper/grap
hics/Exploration/comp_speed.pdf

pdfTeX warning: pdflatex (file ./cases-paper/graphics/Exploration/comp_speed.pd
f): PDF inclusion: multiple pdfs with page group included in a single page
>])
<cases-paper/graphics/Exploration/ipcs_16_2.pdf, id=837, 1131.22626pt x 663.478
74pt>
File: cases-paper/graphics/Exploration/ipcs_16_2.pdf Graphic file (type pdf)
 <use cases-paper/graphics/Exploration/ipcs_16_2.pdf>
Package pdftex.def Info: cases-paper/graphics/Exploration/ipcs_16_2.pdf used on
 input line 39.
(pdftex.def)             Requested size: 412.56497pt x 241.9703pt.

(./cases-paper/bmark_exploration.tex [51 <./cases-paper/graphics/Exploration/ip
cs_16_2.pdf>]
<cases-paper/graphics/Exploration/clusters2.pdf, id=859, 1135.8338pt x 192.1373
3pt>
File: cases-paper/graphics/Exploration/clusters2.pdf Graphic file (type pdf)
 <use cases-paper/graphics/Exploration/clusters2.pdf>
Package pdftex.def Info: cases-paper/graphics/Exploration/clusters2.pdf used on
 input line 29.
(pdftex.def)             Requested size: 412.56497pt x 69.78798pt.

<cases-paper/graphics/Exploration/stddev.pdf, id=860, 1429.34pt x 287.0725pt>
File: cases-paper/graphics/Exploration/stddev.pdf Graphic file (type pdf)

<use cases-paper/graphics/Exploration/stddev.pdf>
Package pdftex.def Info: cases-paper/graphics/Exploration/stddev.pdf used on in
put line 38.
(pdftex.def)             Requested size: 412.56497pt x 82.85904pt.

Underfull \vbox (badness 4940) has occurred while \output is active []

 [52]
Underfull \vbox (badness 10000) has occurred while \output is active []

 [53 <./cases-paper/graphics/Exploration/clusters2.pdf> <./cases-paper/graphics
/Exploration/stddev.pdf

pdfTeX warning: pdflatex (file ./cases-paper/graphics/Exploration/stddev.pdf): 
PDF inclusion: multiple pdfs with page group included in a single page
>]) (./cases-paper/dynamic_core_fusion.tex
<cases-paper/graphics/Pareto/DispN3.pdf, id=951, 529.98pt x 278.03876pt>
File: cases-paper/graphics/Pareto/DispN3.pdf Graphic file (type pdf)

<use cases-paper/graphics/Pareto/DispN3.pdf>
Package pdftex.def Info: cases-paper/graphics/Pareto/DispN3.pdf used on input l
ine 4.
(pdftex.def)             Requested size: 136.14719pt x 71.42288pt.
LaTeX Font Info:    Font shape `OT1/ptm/bx/n' in size <10> not available
(Font)              Font shape `OT1/ptm/b/n' tried instead on input line 4.

<cases-paper/graphics/Pareto/LocN3.pdf, id=952, 529.98pt x 320.19624pt>
File: cases-paper/graphics/Pareto/LocN3.pdf Graphic file (type pdf)

<use cases-paper/graphics/Pareto/LocN3.pdf>
Package pdftex.def Info: cases-paper/graphics/Pareto/LocN3.pdf used on input li
ne 5.
(pdftex.def)             Requested size: 136.14719pt x 82.25235pt.

<cases-paper/graphics/Pareto/MSERN3.pdf, id=953, 529.98pt x 278.03876pt>
File: cases-paper/graphics/Pareto/MSERN3.pdf Graphic file (type pdf)

<use cases-paper/graphics/Pareto/MSERN3.pdf>
Package pdftex.def Info: cases-paper/graphics/Pareto/MSERN3.pdf used on input l
ine 7.
(pdftex.def)             Requested size: 136.14719pt x 71.42288pt.

<cases-paper/graphics/Pareto/MultiN3.pdf, id=954, 529.98pt x 266.9975pt>
File: cases-paper/graphics/Pareto/MultiN3.pdf Graphic file (type pdf)

<use cases-paper/graphics/Pareto/MultiN3.pdf>
Package pdftex.def Info: cases-paper/graphics/Pareto/MultiN3.pdf used on input 
line 8.
(pdftex.def)             Requested size: 136.14719pt x 68.5866pt.

<cases-paper/graphics/Pareto/SiftN3.pdf, id=955, 529.98pt x 266.9975pt>
File: cases-paper/graphics/Pareto/SiftN3.pdf Graphic file (type pdf)

<use cases-paper/graphics/Pareto/SiftN3.pdf>
Package pdftex.def Info: cases-paper/graphics/Pareto/SiftN3.pdf used on input l
ine 9.
(pdftex.def)             Requested size: 136.14719pt x 68.5866pt.

<cases-paper/graphics/Pareto/StitchN3.pdf, id=956, 529.98pt x 266.9975pt>
File: cases-paper/graphics/Pareto/StitchN3.pdf Graphic file (type pdf)

<use cases-paper/graphics/Pareto/StitchN3.pdf>
Package pdftex.def Info: cases-paper/graphics/Pareto/StitchN3.pdf used on input
 line 11.
(pdftex.def)             Requested size: 136.14719pt x 68.5866pt.

<cases-paper/graphics/Pareto/SVMN3.pdf, id=957, 529.98pt x 266.9975pt>
File: cases-paper/graphics/Pareto/SVMN3.pdf Graphic file (type pdf)

<use cases-paper/graphics/Pareto/SVMN3.pdf>
Package pdftex.def Info: cases-paper/graphics/Pareto/SVMN3.pdf used on input li
ne 12.
(pdftex.def)             Requested size: 136.14719pt x 68.5866pt.

<cases-paper/graphics/Pareto/TextN3.pdf, id=958, 529.98pt x 266.9975pt>
File: cases-paper/graphics/Pareto/TextN3.pdf Graphic file (type pdf)

<use cases-paper/graphics/Pareto/TextN3.pdf>
Package pdftex.def Info: cases-paper/graphics/Pareto/TextN3.pdf used on input l
ine 13.
(pdftex.def)             Requested size: 136.14719pt x 68.5866pt.

<cases-paper/graphics/Pareto/TrackingN3.pdf, id=959, 529.98pt x 266.9975pt>
File: cases-paper/graphics/Pareto/TrackingN3.pdf Graphic file (type pdf)

<use cases-paper/graphics/Pareto/TrackingN3.pdf>
Package pdftex.def Info: cases-paper/graphics/Pareto/TrackingN3.pdf used on inp
ut line 14.
(pdftex.def)             Requested size: 136.14719pt x 68.5866pt.

Underfull \vbox (badness 1642) has occurred while \output is active []

 [54 <./cases-paper/graphics/Pareto/DispN3.pdf> <./cases-paper/graphics/Pareto/
LocN3.pdf

pdfTeX warning: pdflatex (file ./cases-paper/graphics/Pareto/LocN3.pdf): PDF in
clusion: multiple pdfs with page group included in a single page
> <./cases-paper/graphics/Pareto/MSERN3.pdf

pdfTeX warning: pdflatex (file ./cases-paper/graphics/Pareto/MSERN3.pdf): PDF i
nclusion: multiple pdfs with page group included in a single page
> <./cases-paper/graphics/Pareto/MultiN3.pdf

pdfTeX warning: pdflatex (file ./cases-paper/graphics/Pareto/MultiN3.pdf): PDF 
inclusion: multiple pdfs with page group included in a single page
> <./cases-paper/graphics/Pareto/SiftN3.pdf

pdfTeX warning: pdflatex (file ./cases-paper/graphics/Pareto/SiftN3.pdf): PDF i
nclusion: multiple pdfs with page group included in a single page
> <./cases-paper/graphics/Pareto/StitchN3.pdf

pdfTeX warning: pdflatex (file ./cases-paper/graphics/Pareto/StitchN3.pdf): PDF
 inclusion: multiple pdfs with page group included in a single page
> <./cases-paper/graphics/Pareto/SVMN3.pdf

pdfTeX warning: pdflatex (file ./cases-paper/graphics/Pareto/SVMN3.pdf): PDF in
clusion: multiple pdfs with page group included in a single page
> <./cases-paper/graphics/Pareto/TextN3.pdf

pdfTeX warning: pdflatex (file ./cases-paper/graphics/Pareto/TextN3.pdf): PDF i
nclusion: multiple pdfs with page group included in a single page
> <./cases-paper/graphics/Pareto/TrackingN3.pdf

pdfTeX warning: pdflatex (file ./cases-paper/graphics/Pareto/TrackingN3.pdf): P
DF inclusion: multiple pdfs with page group included in a single page
>] [55]
<cases-paper/graphics/results/speed_bars.pdf, id=1040, 1429.34pt x 287.0725pt>
File: cases-paper/graphics/results/speed_bars.pdf Graphic file (type pdf)

<use cases-paper/graphics/results/speed_bars.pdf>
Package pdftex.def Info: cases-paper/graphics/results/speed_bars.pdf used on in
put line 56.
(pdftex.def)             Requested size: 412.56497pt x 82.85904pt.
 [56 <./cases-paper/graphics/results/speed_bars.pdf>]
<cases-paper/graphics/results/edd_bars.pdf, id=1060, 1429.34pt x 295.1025pt>
File: cases-paper/graphics/results/edd_bars.pdf Graphic file (type pdf)

<use cases-paper/graphics/results/edd_bars.pdf>
Package pdftex.def Info: cases-paper/graphics/results/edd_bars.pdf used on inpu
t line 105.
(pdftex.def)             Requested size: 412.56497pt x 85.17676pt.


LaTeX Warning: Reference `sec:coresufion' on page 57 undefined on input line 11
6.

[57 <./cases-paper/graphics/results/edd_bars.pdf>]
<cases-paper/graphics/Exploration/phase_len.pdf, id=1081, 1248.665pt x 203.7612
5pt>
File: cases-paper/graphics/Exploration/phase_len.pdf Graphic file (type pdf)
 <use cases-paper/graphics/Exploration/phase_len.pdf>
Package pdftex.def Info: cases-paper/graphics/Exploration/phase_len.pdf used on
 input line 133.
(pdftex.def)             Requested size: 412.56497pt x 67.32225pt.

<cases-paper/graphics/Exploration/latency_en_sp_sw.pdf, id=1082, 1429.34pt x 29
5.1025pt>
File: cases-paper/graphics/Exploration/latency_en_sp_sw.pdf Graphic file (type 
pdf)
 <use cases-paper/graphics/Exploration/latency_en_sp_sw.pdf>
Package pdftex.def Info: cases-paper/graphics/Exploration/latency_en_sp_sw.pdf 
used on input line 141.
(pdftex.def)             Requested size: 412.56497pt x 85.17676pt.
 [58 <./cases-paper/graphics/Exploration/phase_len.pdf>]) (./cases-paper/linear
_reg.tex
[59 <./cases-paper/graphics/Exploration/latency_en_sp_sw.pdf>]
<cases-paper/graphics/results/lr_speed.pdf, id=1121, 1429.34pt x 287.0725pt>
File: cases-paper/graphics/results/lr_speed.pdf Graphic file (type pdf)

<use cases-paper/graphics/results/lr_speed.pdf>
Package pdftex.def Info: cases-paper/graphics/results/lr_speed.pdf used on inpu
t line 35.
(pdftex.def)             Requested size: 412.56497pt x 82.85904pt.
 [60 <./cases-paper/graphics/results/lr_speed.pdf>]) (./cases-paper/related_wor
k.tex [61]
Overfull \hbox (7.84825pt too wide) in paragraph at lines 33--36
[]\OT1/ptm/m/n/12 Work on us-ing ma-chine learn-ing to au-to-mat-i-cally choose
 a com-po-si-tion was achieved
 []

) (./cases-paper/conclusion.tex [62])) [63] (./infthesis-template.bbl [64


]
[65]
Underfull \hbox (badness 1107) in paragraph at lines 56--59
[]\OT1/ptm/m/n/12 M. De-Vuyst, A. Venkat, and D. M. Tullsen.  Ex-e-cu-tion mi-g
ra-tion in a
 []

[66] [67] [68]
Underfull \hbox (badness 1490) in paragraph at lines 274--277
[]\OT1/ptm/m/n/12 A. Venkat, S. Shama-sun-der, H. Shacham, and D. M. Tullsen.  
Hip-str:
 []


Underfull \hbox (badness 1571) in paragraph at lines 279--285
[]\OT1/ptm/m/n/12 A. Venkat and D. M. Tullsen.  Har-ness-ing isa di-ver-sity: D
e-sign of a
 []


Underfull \hbox (badness 1571) in paragraph at lines 287--292
[]\OT1/ptm/m/n/12 A. Venkat and D. M. Tullsen.  Har-ness-ing isa di-ver-sity: D
e-sign of a
 []

[69]) [70] (./infthesis-template.aux (./introduction/introduction.aux)
(./background/background.aux) (./relatedwork/relatedwork.aux)
(./streamit-paper/streamit-chapter.aux) (./cases-paper/cases-chapter.aux))

LaTeX Warning: There were undefined references.


LaTeX Warning: There were multiply-defined labels.

 ) 
Here is how much of TeX's memory you used:
 27052 strings out of 494953
 547418 string characters out of 6180977
 672104 words of memory out of 5000000
 29743 multiletter control sequences out of 15000+600000
 63683 words of font info for 126 fonts, out of 8000000 for 9000
 14 hyphenation exceptions out of 8191
 62i,12n,89p,10386b,1475s stack positions out of 5000i,500n,10000p,200000b,80000s
{/usr/share/texlive/texmf-dist/fonts/enc/dvips/base/8r.enc}</usr/share/texliv
e/texmf-dist/fonts/type1/public/amsfonts/cm/cmmi10.pfb></usr/share/texlive/texm
f-dist/fonts/type1/public/amsfonts/cm/cmr10.pfb></usr/share/texlive/texmf-dist/
fonts/type1/public/amsfonts/cm/cmsy10.pfb></usr/share/texlive/texmf-dist/fonts/
type1/urw/courier/ucrr8a.pfb></usr/share/texlive/texmf-dist/fonts/type1/urw/hel
vetic/uhvb8a.pfb></usr/share/texlive/texmf-dist/fonts/type1/urw/helvetic/uhvr8a
.pfb></usr/share/texlive/texmf-dist/fonts/type1/urw/helvetic/uhvro8a.pfb></usr/
share/texlive/texmf-dist/fonts/type1/urw/symbol/usyr.pfb></usr/share/texlive/te
xmf-dist/fonts/type1/urw/times/utmb8a.pfb></usr/share/texlive/texmf-dist/fonts/
type1/urw/times/utmr8a.pfb></usr/share/texlive/texmf-dist/fonts/type1/urw/times
/utmri8a.pfb>
Output written on infthesis-template.pdf (80 pages, 2210655 bytes).
PDF statistics:
 1214 PDF objects out of 1440 (max. 8388607)
 755 compressed objects within 8 object streams
 0 named destinations out of 1000 (max. 500000)
 218 words of extra memory for PDF output out of 10000 (max. 10000000)

